<?xml version="1.0" encoding="UTF-8"?>
<!-- Generated by org.testng.reporters.JUnitReportReporter -->
<testsuite hostname="LAPTOP-0O8VOCIM" failures="0" tests="1" name="mavenProject.mavenProject.FirstClass" time="0.011" errors="0" timestamp="2020-08-04T09:12:43 EDT" skipped="0">
  <testcase classname="mavenProject.mavenProject.FirstClass" name="test" time="0.011"/>
  <system-out/>
</testsuite> <!-- mavenProject.mavenProject.FirstClass -->
