<?xml version="1.0" encoding="UTF-8"?>
<!-- Generated by org.testng.reporters.JUnitReportReporter -->
<testsuite hostname="LAPTOP-0O8VOCIM" failures="0" tests="1" name="mavenProject.mavenProject.AppTest" time="0.006" errors="0" timestamp="2020-08-04T15:38:26 EDT" skipped="0">
  <testcase classname="mavenProject.mavenProject.AppTest" name="shouldAnswerWithTrue" time="0.006"/>
  <system-out/>
</testsuite> <!-- mavenProject.mavenProject.AppTest -->
